<?xml version="1.0" encoding="UTF-8"?>
<testng-results ignored="0" total="1" passed="1" failed="0" skipped="0">
  <reporter-output>
  </reporter-output>
  <suite started-at="2022-12-21T21:19:40 IST" name="Default suite" finished-at="2022-12-21T21:20:35 IST" duration-ms="54810">
    <groups>
    </groups>
    <test started-at="2022-12-21T21:19:40 IST" name="Default test" finished-at="2022-12-21T21:20:35 IST" duration-ms="54810">
      <class name="Package1.selectable">
        <test-method is-config="true" signature="beforeTest()[pri:0, instance:Package1.selectable@3daa422a]" started-at="2022-12-21T21:19:40 IST" name="beforeTest" finished-at="2022-12-21T21:20:13 IST" duration-ms="32961" status="PASS">
          <reporter-output>
          </reporter-output>
        </test-method> <!-- beforeTest -->
        <test-method signature="st()[pri:0, instance:Package1.selectable@3daa422a]" started-at="2022-12-21T21:20:13 IST" name="st" finished-at="2022-12-21T21:20:35 IST" duration-ms="21749" status="PASS">
          <reporter-output>
          </reporter-output>
        </test-method> <!-- st -->
        <test-method is-config="true" signature="afterTest()[pri:0, instance:Package1.selectable@3daa422a]" started-at="2022-12-21T21:20:35 IST" name="afterTest" finished-at="2022-12-21T21:20:35 IST" duration-ms="0" status="PASS">
          <reporter-output>
          </reporter-output>
        </test-method> <!-- afterTest -->
      </class> <!-- Package1.selectable -->
    </test> <!-- Default test -->
  </suite> <!-- Default suite -->
</testng-results>
