<?xml version="1.0" encoding="UTF-8"?>
<testng-results ignored="0" total="1" passed="1" failed="0" skipped="0">
  <reporter-output>
  </reporter-output>
  <suite started-at="2022-12-20T11:28:41 IST" name="Default suite" finished-at="2022-12-20T11:29:41 IST" duration-ms="59554">
    <groups>
    </groups>
    <test started-at="2022-12-20T11:28:41 IST" name="Default test" finished-at="2022-12-20T11:29:41 IST" duration-ms="59554">
      <class name="Package1.DD">
        <test-method is-config="true" signature="BT()[pri:0, instance:Package1.DD@55b7a4e0]" started-at="2022-12-20T11:28:41 IST" name="BT" finished-at="2022-12-20T11:29:01 IST" duration-ms="19186" status="PASS">
          <reporter-output>
          </reporter-output>
        </test-method> <!-- BT -->
        <test-method signature="datadriven()[pri:0, instance:Package1.DD@55b7a4e0]" started-at="2022-12-20T11:29:01 IST" name="datadriven" finished-at="2022-12-20T11:29:41 IST" duration-ms="40316" status="PASS">
          <reporter-output>
          </reporter-output>
        </test-method> <!-- datadriven -->
      </class> <!-- Package1.DD -->
    </test> <!-- Default test -->
  </suite> <!-- Default suite -->
</testng-results>
