<?xml version="1.0" encoding="UTF-8"?>
<!-- Generated by org.testng.reporters.JUnitXMLReporter -->
<testsuite ignored="2" hostname="DESKTOP-PKRGAQS" failures="0" tests="1" name="Test" time="0.105" errors="0" timestamp="2022-12-14T12:53:19 IST">
  <testcase classname="Package2.group" name="testcase2" time="0.016"/>
  <testcase classname="Package2.group" name="testcase1" time="0.0">
    <ignored/>
  </testcase> <!-- testcase1 -->
  <testcase classname="Package2.group" name="testcase3" time="0.0">
    <ignored/>
  </testcase> <!-- testcase3 -->
</testsuite> <!-- Test -->
